<?xml version="1.0" encoding="UTF-8"?>
<!-- Generated by org.testng.reporters.JUnitXMLReporter -->
<testsuite hostname="DESKTOP-AMOSNVQ" ignored="0" name="Test" tests="1" failures="1" timestamp="2021-05-02T03:08:16 EDT" time="9.423" errors="0">
  <testcase name="orangeHRMLoginTest" time="1.315" classname="tests.OrangeHRM_Login_Page_Test">
    <failure type="java.lang.AssertionError" message="expected [false] but found [true]">
      <![CDATA[java.lang.AssertionError: expected [false] but found [true]
at tests.OrangeHRM_Login_Page_Test.orangeHRMLoginTest(OrangeHRM_Login_Page_Test.java:18)
at java.util.ArrayList.forEach(ArrayList.java:1259)
... Removed 33 stack frames]]>
    </failure>
  </testcase> <!-- orangeHRMLoginTest -->
</testsuite> <!-- Test -->
